2023-11-16 16:30:02.684 [main] INFO  com.solvd.hospital.Admin.HospitalAdmin - Welcome to com.solvd.hospital.Hospital Portal!
2023-11-16 16:30:02.688 [main] INFO  com.solvd.hospital.Admin.HospitalAdmin - Please choose the options
2023-11-16 16:30:02.688 [main] INFO  com.solvd.hospital.Admin.HospitalAdmin - Patient and Doctor Details using HashMap-- option 1
2023-11-16 16:30:02.689 [main] INFO  com.solvd.hospital.Admin.HospitalAdmin - Assign Doctor for each Patient -HashMap- option 2
2023-11-16 16:30:02.689 [main] INFO  com.solvd.hospital.Admin.HospitalAdmin - Look up particular patient -- option 3
2023-11-16 16:30:02.689 [main] INFO  com.solvd.hospital.Admin.HospitalAdmin - Generate Bill for each patient: -- option 4 
2023-11-16 16:30:02.689 [main] INFO  com.solvd.hospital.Admin.HospitalAdmin - Doctor treats Patient -- option 5
2023-11-16 16:30:02.690 [main] INFO  com.solvd.hospital.Admin.HospitalAdmin - View all the patient Details  using HASHMAP-- option 6
2023-11-16 16:30:02.690 [main] INFO  com.solvd.hospital.Admin.HospitalAdmin - Department in the hospital using SET -- option 7
2023-11-16 16:30:02.690 [main] INFO  com.solvd.hospital.Admin.HospitalAdmin - List of the all the Bill using HASHMAP-- option 8
2023-11-16 16:30:02.690 [main] INFO  com.solvd.hospital.Admin.HospitalAdmin - Exit Portal -- option 9
2023-11-16 16:30:02.691 [main] INFO  com.solvd.hospital.Admin.HospitalAdmin - Please Enter your option
2023-11-16 16:30:05.042 [main] INFO  com.solvd.hospital.Hospital - Printing Patient Details
2023-11-16 16:30:05.043 [main] INFO  com.solvd.hospital.PatientRecord.PatientRecord - Patient Id: 1000
2023-11-16 16:30:05.044 [main] INFO  com.solvd.hospital.PatientRecord.PatientRecord - Patient Name: Ashok
2023-11-16 16:30:05.045 [main] INFO  com.solvd.hospital.PatientRecord.PatientRecord - Patient Symptoms: Skin Infection
2023-11-16 16:30:05.045 [main] INFO  com.solvd.hospital.Hospital - Printing Doctor Details
2023-11-16 16:30:05.046 [main] INFO  com.solvd.hospital.doctor.Doctor - Name: Ram
2023-11-16 16:30:05.046 [main] INFO  com.solvd.hospital.doctor.Doctor - Id: 20000
2023-11-16 16:30:05.047 [main] INFO  com.solvd.hospital.doctor.Doctor - Department Name: Dermatology
2023-11-16 16:30:05.047 [main] INFO  com.solvd.hospital.doctor.Doctor - Name: Kiran
2023-11-16 16:30:05.048 [main] INFO  com.solvd.hospital.doctor.Doctor - Id: 20001
2023-11-16 16:30:05.048 [main] INFO  com.solvd.hospital.doctor.Doctor - Department Name: Otolaryngology
2023-11-16 16:30:05.048 [main] INFO  com.solvd.hospital.doctor.Doctor - Name: Selva
2023-11-16 16:30:05.049 [main] INFO  com.solvd.hospital.doctor.Doctor - Id: 20002
2023-11-16 16:30:05.049 [main] INFO  com.solvd.hospital.doctor.Doctor - Department Name: Orthopedic
2023-11-16 16:30:05.049 [main] INFO  com.solvd.hospital.doctor.Doctor - Name: Tony
2023-11-16 16:30:05.050 [main] INFO  com.solvd.hospital.doctor.Doctor - Id: 20003
2023-11-16 16:30:05.050 [main] INFO  com.solvd.hospital.doctor.Doctor - Department Name: Dermatology
2023-11-16 16:30:05.050 [main] INFO  com.solvd.hospital.doctor.Doctor - Name: Som
2023-11-16 16:30:05.051 [main] INFO  com.solvd.hospital.doctor.Doctor - Id: 20004
2023-11-16 16:30:05.051 [main] INFO  com.solvd.hospital.doctor.Doctor - Department Name: Otolaryngology
2023-11-16 16:30:05.051 [main] INFO  com.solvd.hospital.doctor.Doctor - Name: Jothi
2023-11-16 16:30:05.052 [main] INFO  com.solvd.hospital.doctor.Doctor - Id: 20005
2023-11-16 16:30:05.052 [main] INFO  com.solvd.hospital.doctor.Doctor - Department Name: Orthopedic
2023-11-16 16:30:05.052 [main] INFO  com.solvd.hospital.doctor.Doctor - Name: Poonam
2023-11-16 16:30:05.052 [main] INFO  com.solvd.hospital.doctor.Doctor - Id: 20006
2023-11-16 16:30:05.052 [main] INFO  com.solvd.hospital.doctor.Doctor - Department Name: Dermatology
2023-11-16 16:30:05.053 [main] INFO  com.solvd.hospital.doctor.Doctor - Name: Geetha
2023-11-16 16:30:05.053 [main] INFO  com.solvd.hospital.doctor.Doctor - Id: 20007
2023-11-16 16:30:05.053 [main] INFO  com.solvd.hospital.doctor.Doctor - Department Name: Otolaryngology
2023-11-16 16:30:05.053 [main] INFO  com.solvd.hospital.doctor.Doctor - Name: Raju
2023-11-16 16:30:05.053 [main] INFO  com.solvd.hospital.doctor.Doctor - Id: 20008
2023-11-16 16:30:05.054 [main] INFO  com.solvd.hospital.doctor.Doctor - Department Name: Orthopedic
2023-11-16 16:30:05.054 [main] INFO  com.solvd.hospital.Admin.HospitalAdmin - Welcome to com.solvd.hospital.Hospital Portal!
2023-11-16 16:30:05.054 [main] INFO  com.solvd.hospital.Admin.HospitalAdmin - Please choose the options
2023-11-16 16:30:05.054 [main] INFO  com.solvd.hospital.Admin.HospitalAdmin - Patient and Doctor Details using HashMap-- option 1
2023-11-16 16:30:05.054 [main] INFO  com.solvd.hospital.Admin.HospitalAdmin - Assign Doctor for each Patient -HashMap- option 2
2023-11-16 16:30:05.055 [main] INFO  com.solvd.hospital.Admin.HospitalAdmin - Look up particular patient -- option 3
2023-11-16 16:30:05.055 [main] INFO  com.solvd.hospital.Admin.HospitalAdmin - Generate Bill for each patient: -- option 4 
2023-11-16 16:30:05.055 [main] INFO  com.solvd.hospital.Admin.HospitalAdmin - Doctor treats Patient -- option 5
2023-11-16 16:30:05.055 [main] INFO  com.solvd.hospital.Admin.HospitalAdmin - View all the patient Details  using HASHMAP-- option 6
2023-11-16 16:30:05.056 [main] INFO  com.solvd.hospital.Admin.HospitalAdmin - Department in the hospital using SET -- option 7
2023-11-16 16:30:05.056 [main] INFO  com.solvd.hospital.Admin.HospitalAdmin - List of the all the Bill using HASHMAP-- option 8
2023-11-16 16:30:05.056 [main] INFO  com.solvd.hospital.Admin.HospitalAdmin - Exit Portal -- option 9
2023-11-16 16:30:05.056 [main] INFO  com.solvd.hospital.Admin.HospitalAdmin - Please Enter your option
